[+] Containers:
 |- [+] Container: /Game/_Game/ModelingLevel
 |   |- [+] ActorDescs:
 |   |   |- Guid:2EAFE785498AE68FC6B44A8D60949934 BaseClass: NativeClass:/Script/Engine.StaticMeshActor Name:StaticMeshActor_UAID_D8BBC10055A7EB4902_1847423945 Label:Box4 SpatiallyLoaded:1 Bounds:IsValid=true, Min=(X=-120.000 Y=1250.000 Z=0.000), Max=(X=380.000 Y=1750.000 Z=20.000) RuntimeGrid:None EditorOnly:0 RuntimeOnly:0 HLODRelevant:1 ListedInSceneOutliner:1 IsMainWorldOnly:0
 |   |   |- Guid:3EAD65DF40BD4B3396B984B4572517DE BaseClass: NativeClass:/Script/Engine.StaticMeshActor Name:StaticMeshActor_UAID_D8BBC10055A7EB4902_1871829948 Label:Box7 SpatiallyLoaded:1 Bounds:IsValid=true, Min=(X=-1120.000 Y=1470.000 Z=0.000), Max=(X=-620.000 Y=1970.000 Z=20.000) RuntimeGrid:None EditorOnly:0 RuntimeOnly:0 HLODRelevant:1 ListedInSceneOutliner:1 IsMainWorldOnly:0
 |   |   |- Guid:3FDAF7844D39357F8DE020AAF96B84FE BaseClass: NativeClass:/Script/Engine.StaticMeshActor Name:StaticMeshActor_UAID_D8BBC10055A7EA4902_1305531768 Label:Plane SpatiallyLoaded:1 Bounds:IsValid=true, Min=(X=-2710.000 Y=-2200.000 Z=-0.000), Max=(X=2290.000 Y=2800.000 Z=0.000) RuntimeGrid:None EditorOnly:0 RuntimeOnly:0 HLODRelevant:1 ListedInSceneOutliner:1 IsMainWorldOnly:0
 |   |   |- Guid:5B27F48241314FC4F61F52B707564CCC BaseClass: NativeClass:/Script/Engine.StaticMeshActor Name:StaticMeshActor_UAID_A4AE111137DC5EFB00_1110535423 Label:SM_SkySphere SpatiallyLoaded:0 Bounds:IsValid=true, Min=(X=-1638400.000 Y=-1638400.000 Z=-1638400.000), Max=(X=1638400.000 Y=1638400.000 Z=1638400.000) RuntimeGrid:None EditorOnly:0 RuntimeOnly:0 HLODRelevant:0 ListedInSceneOutliner:1 IsMainWorldOnly:0 FolderPath:Lighting FolderGuid:963EC3EB4002CCE9759E2EBA541A873A
 |   |   |- Guid:5E5A705042852FCD8FCCEDA776CAC92C BaseClass: NativeClass:/Script/Engine.PostProcessVolume Name:PostProcessVolume_0 Label:PostProcessVolume SpatiallyLoaded:0 Bounds:IsValid=true, Min=(X=0.000 Y=0.000 Z=400.000), Max=(X=200.000 Y=200.000 Z=600.000) RuntimeGrid:None EditorOnly:0 RuntimeOnly:0 HLODRelevant:0 ListedInSceneOutliner:1 IsMainWorldOnly:0 FolderPath:Lighting FolderGuid:963EC3EB4002CCE9759E2EBA541A873A
 |   |   |- Guid:69AD96F04AA520EDDFEC0CBC5C636D22 BaseClass: NativeClass:/Script/Engine.DirectionalLight Name:DirectionalLight_0 Label:DirectionalLight SpatiallyLoaded:0 Bounds:Invalid RuntimeGrid:None EditorOnly:0 RuntimeOnly:0 HLODRelevant:0 ListedInSceneOutliner:1 IsMainWorldOnly:0 FolderPath:Lighting FolderGuid:963EC3EB4002CCE9759E2EBA541A873A
 |   |   |- Guid:7AD692354977EF2D7C2580ACA621277B BaseClass: NativeClass:/Script/Engine.ExponentialHeightFog Name:ExponentialHeightFog_0 Label:ExponentialHeightFog SpatiallyLoaded:0 Bounds:IsValid=true, Min=(X=-5600.000 Y=-50.000 Z=-6850.000), Max=(X=-5600.000 Y=-50.000 Z=-6850.000) RuntimeGrid:None EditorOnly:0 RuntimeOnly:0 HLODRelevant:0 ListedInSceneOutliner:1 IsMainWorldOnly:0 FolderPath:Lighting FolderGuid:963EC3EB4002CCE9759E2EBA541A873A
 |   |   |- Guid:8E5804D948AF6FC62CBBEA853AF4D410 BaseClass: NativeClass:/Script/Engine.StaticMeshActor Name:StaticMeshActor_UAID_D8BBC10055A7EB4902_1821142943 Label:Box2 SpatiallyLoaded:1 Bounds:IsValid=true, Min=(X=-120.000 Y=250.000 Z=0.000), Max=(X=380.000 Y=750.000 Z=20.000) RuntimeGrid:None EditorOnly:0 RuntimeOnly:0 HLODRelevant:1 ListedInSceneOutliner:1 IsMainWorldOnly:0
 |   |   |- Guid:983808A04598E07368DEB39DD4ECB441 BaseClass: NativeClass:/Script/Engine.StaticMeshActor Name:StaticMeshActor_UAID_D8BBC10055A7EB4902_1856667946 Label:Box5 SpatiallyLoaded:1 Bounds:IsValid=true, Min=(X=-120.000 Y=1470.000 Z=0.000), Max=(X=380.000 Y=1970.000 Z=20.000) RuntimeGrid:None EditorOnly:0 RuntimeOnly:0 HLODRelevant:1 ListedInSceneOutliner:1 IsMainWorldOnly:0
 |   |   |- Guid:A5B9BD22492600BD8A09FC9405C2414E BaseClass: NativeClass:/Script/Engine.StaticMeshActor Name:StaticMeshActor_UAID_D8BBC10055A7EB4902_1837131944 Label:Box3 SpatiallyLoaded:1 Bounds:IsValid=true, Min=(X=-120.000 Y=750.000 Z=0.000), Max=(X=380.000 Y=1250.000 Z=20.000) RuntimeGrid:None EditorOnly:0 RuntimeOnly:0 HLODRelevant:1 ListedInSceneOutliner:1 IsMainWorldOnly:0
 |   |   |- Guid:AB3C80234C3E948CFC21D79DBCCB79DA BaseClass: NativeClass:/Script/Engine.StaticMeshActor Name:StaticMeshActor_UAID_D8BBC10055A7EA4902_1313505769 Label:Plane2 SpatiallyLoaded:1 Bounds:IsValid=true, Min=(X=-2710.000 Y=-2200.000 Z=8910.000), Max=(X=2290.000 Y=2800.000 Z=8910.000) RuntimeGrid:None EditorOnly:0 RuntimeOnly:0 HLODRelevant:1 ListedInSceneOutliner:1 IsMainWorldOnly:0
 |   |   |- Guid:AC2402FC4F05D7810E4BCD97A486628A BaseClass: NativeClass:/Script/Engine.StaticMeshActor Name:StaticMeshActor_UAID_D8BBC10055A7EB4902_1862516947 Label:Box6 SpatiallyLoaded:1 Bounds:IsValid=true, Min=(X=-620.000 Y=1470.000 Z=0.000), Max=(X=-120.000 Y=1970.000 Z=20.000) RuntimeGrid:None EditorOnly:0 RuntimeOnly:0 HLODRelevant:1 ListedInSceneOutliner:1 IsMainWorldOnly:0
 |   |   |- Guid:BA348ADC4F2560144E800C83D83C88D4 BaseClass: NativeClass:/Script/Engine.SkyAtmosphere Name:SkyAtmosphere_0 Label:SkyAtmosphere SpatiallyLoaded:0 Bounds:IsValid=true, Min=(X=0.000 Y=0.000 Z=1020.000), Max=(X=0.000 Y=0.000 Z=1020.000) RuntimeGrid:None EditorOnly:0 RuntimeOnly:0 HLODRelevant:0 ListedInSceneOutliner:1 IsMainWorldOnly:0 FolderPath:Lighting FolderGuid:963EC3EB4002CCE9759E2EBA541A873A
 |   |   |- Guid:CB7CA4834B3177868F84DAA05C5F24C6 BaseClass: NativeClass:/Script/Engine.StaticMeshActor Name:StaticMeshActor_UAID_D8BBC10055A7E94902_1606495591 Label:Box SpatiallyLoaded:1 Bounds:IsValid=true, Min=(X=-120.000 Y=-250.000 Z=0.000), Max=(X=380.000 Y=250.000 Z=20.000) RuntimeGrid:None EditorOnly:0 RuntimeOnly:0 HLODRelevant:1 ListedInSceneOutliner:1 IsMainWorldOnly:0
 |   |   |- Guid:D60CF5764D4C6C1CC7D8978C6DA542FF BaseClass: NativeClass:/Script/Engine.SkyLight Name:SkyLight_1 Label:SkyLight SpatiallyLoaded:0 Bounds:IsValid=true, Min=(X=0.000 Y=0.000 Z=690.000), Max=(X=0.000 Y=0.000 Z=690.000) RuntimeGrid:None EditorOnly:0 RuntimeOnly:0 HLODRelevant:0 ListedInSceneOutliner:1 IsMainWorldOnly:0 FolderPath:Lighting FolderGuid:963EC3EB4002CCE9759E2EBA541A873A
 |   |   |- Guid:EC38470341A6E47860C704B6ED97AFF6 BaseClass: NativeClass:/Script/Engine.PlayerStart Name:PlayerStart_0 Label:PlayerStart SpatiallyLoaded:0 Bounds:IsValid=true, Min=(X=40.000 Y=-30.000 Z=40.013), Max=(X=120.000 Y=50.000 Z=224.013) RuntimeGrid:None EditorOnly:0 RuntimeOnly:0 HLODRelevant:0 ListedInSceneOutliner:1 IsMainWorldOnly:0
 |   |   |- Guid:F4694BD346DAD17BBF45A089AA6CB635 BaseClass: NativeClass:/Script/Engine.VolumetricCloud Name:VolumetricCloud_0 Label:VolumetricCloud SpatiallyLoaded:0 Bounds:IsValid=true, Min=(X=0.000 Y=0.000 Z=820.000), Max=(X=0.000 Y=0.000 Z=820.000) RuntimeGrid:None EditorOnly:0 RuntimeOnly:0 HLODRelevant:0 ListedInSceneOutliner:1 IsMainWorldOnly:0 FolderPath:Lighting FolderGuid:963EC3EB4002CCE9759E2EBA541A873A
 |   |   |- Guid:F6FA9CC34977FBBACD6FD19E5E0B1F45 BaseClass: NativeClass:/Script/Engine.WorldDataLayers Name:WorldDataLayers Label:WorldDataLayers SpatiallyLoaded:0 Bounds:Invalid RuntimeGrid:None EditorOnly:0 RuntimeOnly:0 HLODRelevant:0 ListedInSceneOutliner:1 IsMainWorldOnly:1
 |   |- [+] Clusters:
 |   |   |- [+] [  0]
 |   |   |   |- Guid:2EAFE785498AE68FC6B44A8D60949934 BaseClass: NativeClass:/Script/Engine.StaticMeshActor Name:StaticMeshActor_UAID_D8BBC10055A7EB4902_1847423945 Label:Box4 SpatiallyLoaded:1 Bounds:IsValid=true, Min=(X=-120.000 Y=1250.000 Z=0.000), Max=(X=380.000 Y=1750.000 Z=20.000) RuntimeGrid:None EditorOnly:0 RuntimeOnly:0 HLODRelevant:1 ListedInSceneOutliner:1 IsMainWorldOnly:0
 |   |   |- [+] [  1]
 |   |   |   |- Guid:3EAD65DF40BD4B3396B984B4572517DE BaseClass: NativeClass:/Script/Engine.StaticMeshActor Name:StaticMeshActor_UAID_D8BBC10055A7EB4902_1871829948 Label:Box7 SpatiallyLoaded:1 Bounds:IsValid=true, Min=(X=-1120.000 Y=1470.000 Z=0.000), Max=(X=-620.000 Y=1970.000 Z=20.000) RuntimeGrid:None EditorOnly:0 RuntimeOnly:0 HLODRelevant:1 ListedInSceneOutliner:1 IsMainWorldOnly:0
 |   |   |- [+] [  2]
 |   |   |   |- Guid:3FDAF7844D39357F8DE020AAF96B84FE BaseClass: NativeClass:/Script/Engine.StaticMeshActor Name:StaticMeshActor_UAID_D8BBC10055A7EA4902_1305531768 Label:Plane SpatiallyLoaded:1 Bounds:IsValid=true, Min=(X=-2710.000 Y=-2200.000 Z=-0.000), Max=(X=2290.000 Y=2800.000 Z=0.000) RuntimeGrid:None EditorOnly:0 RuntimeOnly:0 HLODRelevant:1 ListedInSceneOutliner:1 IsMainWorldOnly:0
 |   |   |- [+] [  3]
 |   |   |   |- Guid:5B27F48241314FC4F61F52B707564CCC BaseClass: NativeClass:/Script/Engine.StaticMeshActor Name:StaticMeshActor_UAID_A4AE111137DC5EFB00_1110535423 Label:SM_SkySphere SpatiallyLoaded:0 Bounds:IsValid=true, Min=(X=-1638400.000 Y=-1638400.000 Z=-1638400.000), Max=(X=1638400.000 Y=1638400.000 Z=1638400.000) RuntimeGrid:None EditorOnly:0 RuntimeOnly:0 HLODRelevant:0 ListedInSceneOutliner:1 IsMainWorldOnly:0 FolderPath:Lighting FolderGuid:963EC3EB4002CCE9759E2EBA541A873A
 |   |   |- [+] [  4]
 |   |   |   |- Guid:5E5A705042852FCD8FCCEDA776CAC92C BaseClass: NativeClass:/Script/Engine.PostProcessVolume Name:PostProcessVolume_0 Label:PostProcessVolume SpatiallyLoaded:0 Bounds:IsValid=true, Min=(X=0.000 Y=0.000 Z=400.000), Max=(X=200.000 Y=200.000 Z=600.000) RuntimeGrid:None EditorOnly:0 RuntimeOnly:0 HLODRelevant:0 ListedInSceneOutliner:1 IsMainWorldOnly:0 FolderPath:Lighting FolderGuid:963EC3EB4002CCE9759E2EBA541A873A
 |   |   |- [+] [  5]
 |   |   |   |- Guid:69AD96F04AA520EDDFEC0CBC5C636D22 BaseClass: NativeClass:/Script/Engine.DirectionalLight Name:DirectionalLight_0 Label:DirectionalLight SpatiallyLoaded:0 Bounds:Invalid RuntimeGrid:None EditorOnly:0 RuntimeOnly:0 HLODRelevant:0 ListedInSceneOutliner:1 IsMainWorldOnly:0 FolderPath:Lighting FolderGuid:963EC3EB4002CCE9759E2EBA541A873A
 |   |   |- [+] [  6]
 |   |   |   |- Guid:7AD692354977EF2D7C2580ACA621277B BaseClass: NativeClass:/Script/Engine.ExponentialHeightFog Name:ExponentialHeightFog_0 Label:ExponentialHeightFog SpatiallyLoaded:0 Bounds:IsValid=true, Min=(X=-5600.000 Y=-50.000 Z=-6850.000), Max=(X=-5600.000 Y=-50.000 Z=-6850.000) RuntimeGrid:None EditorOnly:0 RuntimeOnly:0 HLODRelevant:0 ListedInSceneOutliner:1 IsMainWorldOnly:0 FolderPath:Lighting FolderGuid:963EC3EB4002CCE9759E2EBA541A873A
 |   |   |- [+] [  7]
 |   |   |   |- Guid:8E5804D948AF6FC62CBBEA853AF4D410 BaseClass: NativeClass:/Script/Engine.StaticMeshActor Name:StaticMeshActor_UAID_D8BBC10055A7EB4902_1821142943 Label:Box2 SpatiallyLoaded:1 Bounds:IsValid=true, Min=(X=-120.000 Y=250.000 Z=0.000), Max=(X=380.000 Y=750.000 Z=20.000) RuntimeGrid:None EditorOnly:0 RuntimeOnly:0 HLODRelevant:1 ListedInSceneOutliner:1 IsMainWorldOnly:0
 |   |   |- [+] [  8]
 |   |   |   |- Guid:983808A04598E07368DEB39DD4ECB441 BaseClass: NativeClass:/Script/Engine.StaticMeshActor Name:StaticMeshActor_UAID_D8BBC10055A7EB4902_1856667946 Label:Box5 SpatiallyLoaded:1 Bounds:IsValid=true, Min=(X=-120.000 Y=1470.000 Z=0.000), Max=(X=380.000 Y=1970.000 Z=20.000) RuntimeGrid:None EditorOnly:0 RuntimeOnly:0 HLODRelevant:1 ListedInSceneOutliner:1 IsMainWorldOnly:0
 |   |   |- [+] [  9]
 |   |   |   |- Guid:A5B9BD22492600BD8A09FC9405C2414E BaseClass: NativeClass:/Script/Engine.StaticMeshActor Name:StaticMeshActor_UAID_D8BBC10055A7EB4902_1837131944 Label:Box3 SpatiallyLoaded:1 Bounds:IsValid=true, Min=(X=-120.000 Y=750.000 Z=0.000), Max=(X=380.000 Y=1250.000 Z=20.000) RuntimeGrid:None EditorOnly:0 RuntimeOnly:0 HLODRelevant:1 ListedInSceneOutliner:1 IsMainWorldOnly:0
 |   |   |- [+] [ 10]
 |   |   |   |- Guid:AB3C80234C3E948CFC21D79DBCCB79DA BaseClass: NativeClass:/Script/Engine.StaticMeshActor Name:StaticMeshActor_UAID_D8BBC10055A7EA4902_1313505769 Label:Plane2 SpatiallyLoaded:1 Bounds:IsValid=true, Min=(X=-2710.000 Y=-2200.000 Z=8910.000), Max=(X=2290.000 Y=2800.000 Z=8910.000) RuntimeGrid:None EditorOnly:0 RuntimeOnly:0 HLODRelevant:1 ListedInSceneOutliner:1 IsMainWorldOnly:0
 |   |   |- [+] [ 11]
 |   |   |   |- Guid:AC2402FC4F05D7810E4BCD97A486628A BaseClass: NativeClass:/Script/Engine.StaticMeshActor Name:StaticMeshActor_UAID_D8BBC10055A7EB4902_1862516947 Label:Box6 SpatiallyLoaded:1 Bounds:IsValid=true, Min=(X=-620.000 Y=1470.000 Z=0.000), Max=(X=-120.000 Y=1970.000 Z=20.000) RuntimeGrid:None EditorOnly:0 RuntimeOnly:0 HLODRelevant:1 ListedInSceneOutliner:1 IsMainWorldOnly:0
 |   |   |- [+] [ 12]
 |   |   |   |- Guid:BA348ADC4F2560144E800C83D83C88D4 BaseClass: NativeClass:/Script/Engine.SkyAtmosphere Name:SkyAtmosphere_0 Label:SkyAtmosphere SpatiallyLoaded:0 Bounds:IsValid=true, Min=(X=0.000 Y=0.000 Z=1020.000), Max=(X=0.000 Y=0.000 Z=1020.000) RuntimeGrid:None EditorOnly:0 RuntimeOnly:0 HLODRelevant:0 ListedInSceneOutliner:1 IsMainWorldOnly:0 FolderPath:Lighting FolderGuid:963EC3EB4002CCE9759E2EBA541A873A
 |   |   |- [+] [ 13]
 |   |   |   |- Guid:CB7CA4834B3177868F84DAA05C5F24C6 BaseClass: NativeClass:/Script/Engine.StaticMeshActor Name:StaticMeshActor_UAID_D8BBC10055A7E94902_1606495591 Label:Box SpatiallyLoaded:1 Bounds:IsValid=true, Min=(X=-120.000 Y=-250.000 Z=0.000), Max=(X=380.000 Y=250.000 Z=20.000) RuntimeGrid:None EditorOnly:0 RuntimeOnly:0 HLODRelevant:1 ListedInSceneOutliner:1 IsMainWorldOnly:0
 |   |   |- [+] [ 14]
 |   |   |   |- Guid:D60CF5764D4C6C1CC7D8978C6DA542FF BaseClass: NativeClass:/Script/Engine.SkyLight Name:SkyLight_1 Label:SkyLight SpatiallyLoaded:0 Bounds:IsValid=true, Min=(X=0.000 Y=0.000 Z=690.000), Max=(X=0.000 Y=0.000 Z=690.000) RuntimeGrid:None EditorOnly:0 RuntimeOnly:0 HLODRelevant:0 ListedInSceneOutliner:1 IsMainWorldOnly:0 FolderPath:Lighting FolderGuid:963EC3EB4002CCE9759E2EBA541A873A
 |   |   |- [+] [ 15]
 |   |   |   |- Guid:EC38470341A6E47860C704B6ED97AFF6 BaseClass: NativeClass:/Script/Engine.PlayerStart Name:PlayerStart_0 Label:PlayerStart SpatiallyLoaded:0 Bounds:IsValid=true, Min=(X=40.000 Y=-30.000 Z=40.013), Max=(X=120.000 Y=50.000 Z=224.013) RuntimeGrid:None EditorOnly:0 RuntimeOnly:0 HLODRelevant:0 ListedInSceneOutliner:1 IsMainWorldOnly:0
 |   |   |- [+] [ 16]
 |   |   |   |- Guid:F4694BD346DAD17BBF45A089AA6CB635 BaseClass: NativeClass:/Script/Engine.VolumetricCloud Name:VolumetricCloud_0 Label:VolumetricCloud SpatiallyLoaded:0 Bounds:IsValid=true, Min=(X=0.000 Y=0.000 Z=820.000), Max=(X=0.000 Y=0.000 Z=820.000) RuntimeGrid:None EditorOnly:0 RuntimeOnly:0 HLODRelevant:0 ListedInSceneOutliner:1 IsMainWorldOnly:0 FolderPath:Lighting FolderGuid:963EC3EB4002CCE9759E2EBA541A873A
 |   |   |- [+] [ 17]
 |   |   |   |- Guid:F6FA9CC34977FBBACD6FD19E5E0B1F45 BaseClass: NativeClass:/Script/Engine.WorldDataLayers Name:WorldDataLayers Label:WorldDataLayers SpatiallyLoaded:0 Bounds:Invalid RuntimeGrid:None EditorOnly:0 RuntimeOnly:0 HLODRelevant:0 ListedInSceneOutliner:1 IsMainWorldOnly:1
 |- ContainerInstances:
 |- [+] MainContainer:
 |   |-        ID: 00000000000000000000000000000000
 |   |-  ParentID: 00000000000000000000000000000000
 |   |-    Bounds: IsValid=false, Min=(X=0.000 Y=0.000 Z=0.000), Max=(X=0.000 Y=0.000 Z=0.000)
 |   |- Transform: 0.000000,0.000000,0.000000|0.000000,0.000000,-0.000000|1.000000,1.000000,1.000000
 |   |- Container: /Game/_Game/ModelingLevel
----------------------------------------------------------------------------------------------------------------
ModelingLevel - Persistent Level
----------------------------------------------------------------------------------------------------------------
[+] Content of ModelingLevel Persistent Level
 |- Always loaded Actor Count: 18 
 |- Actor Path: /Game/_Game/ModelingLevel.ModelingLevel:PersistentLevel.DirectionalLight_0
 |- Actor Package: /Game/__ExternalActors__/_Game/ModelingLevel/A/S9/ZFKKY8RJ9JW4U06EDQ43SF
 |- Actor Path: /Game/_Game/ModelingLevel.ModelingLevel:PersistentLevel.ExponentialHeightFog_0
 |- Actor Package: /Game/__ExternalActors__/_Game/ModelingLevel/C/XU/BT65X7EGLT6CVWV7U9CLG8
 |- Actor Path: /Game/_Game/ModelingLevel.ModelingLevel:PersistentLevel.PlayerStart_0
 |- Actor Package: /Game/__ExternalActors__/_Game/ModelingLevel/B/QV/1Y8B6SQI73A6826V26E5T1
 |- Actor Path: /Game/_Game/ModelingLevel.ModelingLevel:PersistentLevel.PostProcessVolume_0
 |- Actor Package: /Game/__ExternalActors__/_Game/ModelingLevel/D/EL/74IZQB1G15HXMNPFPEXCTA
 |- Actor Path: /Game/_Game/ModelingLevel.ModelingLevel:PersistentLevel.SkyAtmosphere_0
 |- Actor Package: /Game/__ExternalActors__/_Game/ModelingLevel/B/09/PK64I6K1BL1TYQNKXM2C0Y
 |- Actor Path: /Game/_Game/ModelingLevel.ModelingLevel:PersistentLevel.SkyLight_1
 |- Actor Package: /Game/__ExternalActors__/_Game/ModelingLevel/9/2X/Z50FSIGT0DJMHZOLUYW2CS
 |- Actor Path: /Game/_Game/ModelingLevel.ModelingLevel:PersistentLevel.StaticMeshActor_UAID_A4AE111137DC5EFB00_1110535423
 |- Actor Package: /Game/__ExternalActors__/_Game/ModelingLevel/5/UI/1QQCLTHONILSFU3EL59T1K
 |- Actor Path: /Game/_Game/ModelingLevel.ModelingLevel:PersistentLevel.StaticMeshActor_UAID_D8BBC10055A7E94902_1606495591
 |- Actor Package: /Game/__ExternalActors__/_Game/ModelingLevel/A/G1/3HK07K8WSVHXEMKD3OE5H1
 |- Actor Path: /Game/_Game/ModelingLevel.ModelingLevel:PersistentLevel.StaticMeshActor_UAID_D8BBC10055A7EA4902_1305531768
 |- Actor Package: /Game/__ExternalActors__/_Game/ModelingLevel/A/BA/1H7EBSIFL682SD47H7T592
 |- Actor Path: /Game/_Game/ModelingLevel.ModelingLevel:PersistentLevel.StaticMeshActor_UAID_D8BBC10055A7EA4902_1313505769
 |- Actor Package: /Game/__ExternalActors__/_Game/ModelingLevel/0/D9/KXSA77SGRJSLPKRCAP9HS1
 |- Actor Path: /Game/_Game/ModelingLevel.ModelingLevel:PersistentLevel.StaticMeshActor_UAID_D8BBC10055A7EB4902_1821142943
 |- Actor Package: /Game/__ExternalActors__/_Game/ModelingLevel/B/HZ/IJZV5U6K27SPJFWMPDQZBY
 |- Actor Path: /Game/_Game/ModelingLevel.ModelingLevel:PersistentLevel.StaticMeshActor_UAID_D8BBC10055A7EB4902_1837131944
 |- Actor Package: /Game/__ExternalActors__/_Game/ModelingLevel/6/4S/SEZWRWB2X2C9FJOVNAVUNJ
 |- Actor Path: /Game/_Game/ModelingLevel.ModelingLevel:PersistentLevel.StaticMeshActor_UAID_D8BBC10055A7EB4902_1847423945
 |- Actor Package: /Game/__ExternalActors__/_Game/ModelingLevel/4/2K/V96Q0AOZTPNQV4SHRW3MMG
 |- Actor Path: /Game/_Game/ModelingLevel.ModelingLevel:PersistentLevel.StaticMeshActor_UAID_D8BBC10055A7EB4902_1856667946
 |- Actor Package: /Game/__ExternalActors__/_Game/ModelingLevel/0/YS/SMH7MMC49RGOVYQEVSAGTH
 |- Actor Path: /Game/_Game/ModelingLevel.ModelingLevel:PersistentLevel.StaticMeshActor_UAID_D8BBC10055A7EB4902_1862516947
 |- Actor Package: /Game/__ExternalActors__/_Game/ModelingLevel/B/IA/WKYRAUGFHDRCERXVV2DNU4
 |- Actor Path: /Game/_Game/ModelingLevel.ModelingLevel:PersistentLevel.StaticMeshActor_UAID_D8BBC10055A7EB4902_1871829948
 |- Actor Package: /Game/__ExternalActors__/_Game/ModelingLevel/E/YY/WHMPIR5QUI9ISMMENYVGGW
 |- Actor Path: /Game/_Game/ModelingLevel.ModelingLevel:PersistentLevel.VolumetricCloud_0
 |- Actor Package: /Game/__ExternalActors__/_Game/ModelingLevel/8/DA/Z5IFTRCNZNWEG80WWEAWZF
 |- Actor Path: /Game/_Game/ModelingLevel.ModelingLevel:PersistentLevel.WorldDataLayers
 |- Actor Package: /Game/__ExternalActors__/_Game/ModelingLevel/9/OE/JXMIPSR2UOY47S254E3ISM

----------------------------------------------------------------------------------------------------------------
ModelingLevel - Runtime Hash Set
----------------------------------------------------------------------------------------------------------------

